  [1m[35m (189.5ms)[0m  [1m[35mCREATE DATABASE "dreamboat_development" ENCODING = 'unicode'[0m
  [1m[35m (74.9ms)[0m  [1m[35mCREATE DATABASE "dreamboat_test" ENCODING = 'unicode'[0m
  [1m[35m (28.8ms)[0m  [1m[35mCREATE TABLE "schema_migrations" ("version" character varying NOT NULL PRIMARY KEY)[0m
  [1m[35m (5.7ms)[0m  [1m[35mCREATE TABLE "ar_internal_metadata" ("key" character varying NOT NULL PRIMARY KEY, "value" character varying, "created_at" timestamp(6) NOT NULL, "updated_at" timestamp(6) NOT NULL)[0m
  [1m[35m (3.0ms)[0m  [1m[34mSELECT pg_try_advisory_lock(1633494492737411010)[0m
  [1m[35m (0.4ms)[0m  [1m[34mSELECT "schema_migrations"."version" FROM "schema_migrations" ORDER BY "schema_migrations"."version" ASC[0m
Migrating to CreateUsers (20200511194011)
  [1m[35m (0.1ms)[0m  [1m[35mBEGIN[0m
  [1m[35m (7.3ms)[0m  [1m[35mCREATE TABLE "users" ("id" bigserial primary key, "username" character varying, "password_digest" character varying, "dream_scene" character varying, "mantra" character varying, "created_at" timestamp(6) NOT NULL, "updated_at" timestamp(6) NOT NULL)[0m
  [1m[36mprimary::SchemaMigration Create (0.4ms)[0m  [1m[32mINSERT INTO "schema_migrations" ("version") VALUES ($1) RETURNING "version"[0m  [["version", "20200511194011"]]
  [1m[35m (0.4ms)[0m  [1m[35mCOMMIT[0m
Migrating to CreateActivities (20200511194427)
  [1m[35m (4.4ms)[0m  [1m[35mBEGIN[0m
  [1m[35m (7.4ms)[0m  [1m[35mCREATE TABLE "activities" ("id" bigserial primary key, "activity_name" character varying, "user_id" bigint NOT NULL, "created_at" timestamp(6) NOT NULL, "updated_at" timestamp(6) NOT NULL, CONSTRAINT "fk_rails_7e11bb717f"
FOREIGN KEY ("user_id")
  REFERENCES "users" ("id")
)[0m
  [1m[35m (1.3ms)[0m  [1m[35mCREATE  INDEX  "index_activities_on_user_id" ON "activities"  ("user_id")[0m
  [1m[36mprimary::SchemaMigration Create (0.3ms)[0m  [1m[32mINSERT INTO "schema_migrations" ("version") VALUES ($1) RETURNING "version"[0m  [["version", "20200511194427"]]
  [1m[35m (1.1ms)[0m  [1m[35mCOMMIT[0m
Migrating to CreateProfiles (20200511194921)
  [1m[35m (0.2ms)[0m  [1m[35mBEGIN[0m
  [1m[35m (2.7ms)[0m  [1m[35mCREATE TABLE "profiles" ("id" bigserial primary key, "networking" boolean, "ltr" boolean, "friends" boolean, "fwb" boolean, "hook_up" boolean, "date" boolean, "user_id" bigint NOT NULL, "created_at" timestamp(6) NOT NULL, "updated_at" timestamp(6) NOT NULL, CONSTRAINT "fk_rails_e424190865"
FOREIGN KEY ("user_id")
  REFERENCES "users" ("id")
)[0m
  [1m[35m (0.8ms)[0m  [1m[35mCREATE  INDEX  "index_profiles_on_user_id" ON "profiles"  ("user_id")[0m
  [1m[36mprimary::SchemaMigration Create (0.2ms)[0m  [1m[32mINSERT INTO "schema_migrations" ("version") VALUES ($1) RETURNING "version"[0m  [["version", "20200511194921"]]
  [1m[35m (0.4ms)[0m  [1m[35mCOMMIT[0m
  [1m[36mActiveRecord::InternalMetadata Load (0.6ms)[0m  [1m[34mSELECT "ar_internal_metadata".* FROM "ar_internal_metadata" WHERE "ar_internal_metadata"."key" = $1 LIMIT $2[0m  [["key", "environment"], ["LIMIT", 1]]
  [1m[35m (0.3ms)[0m  [1m[35mBEGIN[0m
  [1m[36mActiveRecord::InternalMetadata Create (1.0ms)[0m  [1m[32mINSERT INTO "ar_internal_metadata" ("key", "value", "created_at", "updated_at") VALUES ($1, $2, $3, $4) RETURNING "key"[0m  [["key", "environment"], ["value", "development"], ["created_at", "2020-05-11 19:50:39.129492"], ["updated_at", "2020-05-11 19:50:39.129492"]]
  [1m[35m (0.3ms)[0m  [1m[35mCOMMIT[0m
  [1m[35m (0.4ms)[0m  [1m[34mSELECT pg_advisory_unlock(1633494492737411010)[0m
  [1m[35m (0.8ms)[0m  [1m[34mSELECT "schema_migrations"."version" FROM "schema_migrations" ORDER BY "schema_migrations"."version" ASC[0m
  [1m[35m (0.6ms)[0m  [1m[34mSELECT "schema_migrations"."version" FROM "schema_migrations" ORDER BY "schema_migrations"."version" ASC[0m
  [1m[35m (0.3ms)[0m  [1m[34mSELECT "ar_internal_metadata"."value" FROM "ar_internal_metadata" WHERE "ar_internal_metadata"."key" = $1[0m  [["key", "environment"]]
  [1m[35m (0.2ms)[0m  [1m[34mSELECT "schema_migrations"."version" FROM "schema_migrations" ORDER BY "schema_migrations"."version" ASC[0m
  [1m[35m (0.2ms)[0m  [1m[34mSELECT "ar_internal_metadata"."value" FROM "ar_internal_metadata" WHERE "ar_internal_metadata"."key" = $1[0m  [["key", "environment"]]
  [1m[35m (0.2ms)[0m  [1m[34mSELECT "schema_migrations"."version" FROM "schema_migrations" ORDER BY "schema_migrations"."version" ASC[0m
  [1m[35m (0.1ms)[0m  [1m[34mSELECT "ar_internal_metadata"."value" FROM "ar_internal_metadata" WHERE "ar_internal_metadata"."key" = $1[0m  [["key", "environment"]]
  [1m[35m (36.4ms)[0m  [1m[35mDROP DATABASE IF EXISTS "dreamboat_development"[0m
  [1m[35m (38.0ms)[0m  [1m[35mDROP DATABASE IF EXISTS "dreamboat_test"[0m
  [1m[35m (152.3ms)[0m  [1m[35mCREATE DATABASE "dreamboat_development" ENCODING = 'unicode'[0m
  [1m[35m (68.8ms)[0m  [1m[35mCREATE DATABASE "dreamboat_test" ENCODING = 'unicode'[0m
  [1m[35mSQL (0.6ms)[0m  [1m[35mCREATE EXTENSION IF NOT EXISTS "plpgsql"[0m
  [1m[35m (0.2ms)[0m  [1m[35mDROP TABLE IF EXISTS "activities" CASCADE[0m
  [1m[35m (10.9ms)[0m  [1m[35mCREATE TABLE "activities" ("id" bigserial primary key, "activity_name" character varying, "user_id" bigint NOT NULL, "created_at" timestamp(6) NOT NULL, "updated_at" timestamp(6) NOT NULL)[0m
  [1m[35m (1.0ms)[0m  [1m[35mCREATE  INDEX  "index_activities_on_user_id" ON "activities"  ("user_id")[0m
  [1m[35m (0.1ms)[0m  [1m[35mDROP TABLE IF EXISTS "profiles" CASCADE[0m
  [1m[35m (2.2ms)[0m  [1m[35mCREATE TABLE "profiles" ("id" bigserial primary key, "networking" boolean, "ltr" boolean, "friends" boolean, "fwb" boolean, "hook_up" boolean, "date" boolean, "user_id" bigint NOT NULL, "created_at" timestamp(6) NOT NULL, "updated_at" timestamp(6) NOT NULL)[0m
  [1m[35m (1.2ms)[0m  [1m[35mCREATE  INDEX  "index_profiles_on_user_id" ON "profiles"  ("user_id")[0m
  [1m[35m (0.2ms)[0m  [1m[35mDROP TABLE IF EXISTS "users" CASCADE[0m
  [1m[35m (3.7ms)[0m  [1m[35mCREATE TABLE "users" ("id" bigserial primary key, "username" character varying, "password_digest" character varying, "dream_scene" character varying, "mantra" character varying, "created_at" timestamp(6) NOT NULL, "updated_at" timestamp(6) NOT NULL)[0m
  [1m[35m (2.8ms)[0m  [1m[35mALTER TABLE "activities" ADD CONSTRAINT "fk_rails_7e11bb717f"
FOREIGN KEY ("user_id")
  REFERENCES "users" ("id")
[0m
  [1m[35m (1.6ms)[0m  [1m[35mALTER TABLE "profiles" ADD CONSTRAINT "fk_rails_e424190865"
FOREIGN KEY ("user_id")
  REFERENCES "users" ("id")
[0m
  [1m[35m (3.8ms)[0m  [1m[35mCREATE TABLE "schema_migrations" ("version" character varying NOT NULL PRIMARY KEY)[0m
  [1m[35m (0.7ms)[0m  [1m[34mSELECT "schema_migrations"."version" FROM "schema_migrations" ORDER BY "schema_migrations"."version" ASC[0m
  [1m[35m (0.5ms)[0m  [1m[32mINSERT INTO "schema_migrations" (version) VALUES (20200511194921)[0m
  [1m[35m (0.5ms)[0m  [1m[32mINSERT INTO "schema_migrations" (version) VALUES
(20200511194011),
(20200511194427);

[0m
  [1m[35m (3.1ms)[0m  [1m[35mCREATE TABLE "ar_internal_metadata" ("key" character varying NOT NULL PRIMARY KEY, "value" character varying, "created_at" timestamp(6) NOT NULL, "updated_at" timestamp(6) NOT NULL)[0m
  [1m[36mActiveRecord::InternalMetadata Load (0.3ms)[0m  [1m[34mSELECT "ar_internal_metadata".* FROM "ar_internal_metadata" WHERE "ar_internal_metadata"."key" = $1 LIMIT $2[0m  [["key", "environment"], ["LIMIT", 1]]
  [1m[35m (0.1ms)[0m  [1m[35mBEGIN[0m
  [1m[36mActiveRecord::InternalMetadata Create (0.7ms)[0m  [1m[32mINSERT INTO "ar_internal_metadata" ("key", "value", "created_at", "updated_at") VALUES ($1, $2, $3, $4) RETURNING "key"[0m  [["key", "environment"], ["value", "development"], ["created_at", "2020-05-11 19:57:03.948479"], ["updated_at", "2020-05-11 19:57:03.948479"]]
  [1m[35m (0.3ms)[0m  [1m[35mCOMMIT[0m
  [1m[36mActiveRecord::InternalMetadata Load (0.2ms)[0m  [1m[34mSELECT "ar_internal_metadata".* FROM "ar_internal_metadata" WHERE "ar_internal_metadata"."key" = $1 LIMIT $2[0m  [["key", "environment"], ["LIMIT", 1]]
  [1m[36mActiveRecord::InternalMetadata Load (0.2ms)[0m  [1m[34mSELECT "ar_internal_metadata".* FROM "ar_internal_metadata" WHERE "ar_internal_metadata"."key" = $1 LIMIT $2[0m  [["key", "schema_sha1"], ["LIMIT", 1]]
  [1m[35m (0.1ms)[0m  [1m[35mBEGIN[0m
  [1m[36mActiveRecord::InternalMetadata Create (0.3ms)[0m  [1m[32mINSERT INTO "ar_internal_metadata" ("key", "value", "created_at", "updated_at") VALUES ($1, $2, $3, $4) RETURNING "key"[0m  [["key", "schema_sha1"], ["value", "ed87431ee730d6f58acf537fc9de1215b2358e1c"], ["created_at", "2020-05-11 19:57:03.970864"], ["updated_at", "2020-05-11 19:57:03.970864"]]
  [1m[35m (0.2ms)[0m  [1m[35mCOMMIT[0m
  [1m[35mSQL (0.4ms)[0m  [1m[35mCREATE EXTENSION IF NOT EXISTS "plpgsql"[0m
  [1m[35m (0.2ms)[0m  [1m[35mDROP TABLE IF EXISTS "activities" CASCADE[0m
  [1m[35m (11.1ms)[0m  [1m[35mCREATE TABLE "activities" ("id" bigserial primary key, "activity_name" character varying, "user_id" bigint NOT NULL, "created_at" timestamp(6) NOT NULL, "updated_at" timestamp(6) NOT NULL)[0m
  [1m[35m (1.1ms)[0m  [1m[35mCREATE  INDEX  "index_activities_on_user_id" ON "activities"  ("user_id")[0m
  [1m[35m (0.2ms)[0m  [1m[35mDROP TABLE IF EXISTS "profiles" CASCADE[0m
  [1m[35m (2.3ms)[0m  [1m[35mCREATE TABLE "profiles" ("id" bigserial primary key, "networking" boolean, "ltr" boolean, "friends" boolean, "fwb" boolean, "hook_up" boolean, "date" boolean, "user_id" bigint NOT NULL, "created_at" timestamp(6) NOT NULL, "updated_at" timestamp(6) NOT NULL)[0m
  [1m[35m (1.1ms)[0m  [1m[35mCREATE  INDEX  "index_profiles_on_user_id" ON "profiles"  ("user_id")[0m
  [1m[35m (0.2ms)[0m  [1m[35mDROP TABLE IF EXISTS "users" CASCADE[0m
  [1m[35m (4.0ms)[0m  [1m[35mCREATE TABLE "users" ("id" bigserial primary key, "username" character varying, "password_digest" character varying, "dream_scene" character varying, "mantra" character varying, "created_at" timestamp(6) NOT NULL, "updated_at" timestamp(6) NOT NULL)[0m
  [1m[35m (1.8ms)[0m  [1m[35mALTER TABLE "activities" ADD CONSTRAINT "fk_rails_7e11bb717f"
FOREIGN KEY ("user_id")
  REFERENCES "users" ("id")
[0m
  [1m[35m (1.1ms)[0m  [1m[35mALTER TABLE "profiles" ADD CONSTRAINT "fk_rails_e424190865"
FOREIGN KEY ("user_id")
  REFERENCES "users" ("id")
[0m
  [1m[35m (2.5ms)[0m  [1m[35mCREATE TABLE "schema_migrations" ("version" character varying NOT NULL PRIMARY KEY)[0m
  [1m[35m (0.4ms)[0m  [1m[34mSELECT "schema_migrations"."version" FROM "schema_migrations" ORDER BY "schema_migrations"."version" ASC[0m
  [1m[35m (0.6ms)[0m  [1m[32mINSERT INTO "schema_migrations" (version) VALUES (20200511194921)[0m
  [1m[35m (0.5ms)[0m  [1m[32mINSERT INTO "schema_migrations" (version) VALUES
(20200511194011),
(20200511194427);

[0m
  [1m[35m (3.2ms)[0m  [1m[35mCREATE TABLE "ar_internal_metadata" ("key" character varying NOT NULL PRIMARY KEY, "value" character varying, "created_at" timestamp(6) NOT NULL, "updated_at" timestamp(6) NOT NULL)[0m
  [1m[36mActiveRecord::InternalMetadata Load (0.3ms)[0m  [1m[34mSELECT "ar_internal_metadata".* FROM "ar_internal_metadata" WHERE "ar_internal_metadata"."key" = $1 LIMIT $2[0m  [["key", "environment"], ["LIMIT", 1]]
  [1m[35m (0.1ms)[0m  [1m[35mBEGIN[0m
  [1m[36mActiveRecord::InternalMetadata Create (0.3ms)[0m  [1m[32mINSERT INTO "ar_internal_metadata" ("key", "value", "created_at", "updated_at") VALUES ($1, $2, $3, $4) RETURNING "key"[0m  [["key", "environment"], ["value", "development"], ["created_at", "2020-05-11 19:57:04.052107"], ["updated_at", "2020-05-11 19:57:04.052107"]]
  [1m[35m (0.3ms)[0m  [1m[35mCOMMIT[0m
  [1m[36mActiveRecord::InternalMetadata Load (0.3ms)[0m  [1m[34mSELECT "ar_internal_metadata".* FROM "ar_internal_metadata" WHERE "ar_internal_metadata"."key" = $1 LIMIT $2[0m  [["key", "environment"], ["LIMIT", 1]]
  [1m[35m (0.2ms)[0m  [1m[35mBEGIN[0m
  [1m[36mActiveRecord::InternalMetadata Update (0.4ms)[0m  [1m[33mUPDATE "ar_internal_metadata" SET "value" = $1, "updated_at" = $2 WHERE "ar_internal_metadata"."key" = $3[0m  [["value", "test"], ["updated_at", "2020-05-11 19:57:04.058263"], ["key", "environment"]]
  [1m[35m (0.3ms)[0m  [1m[35mCOMMIT[0m
  [1m[36mActiveRecord::InternalMetadata Load (0.2ms)[0m  [1m[34mSELECT "ar_internal_metadata".* FROM "ar_internal_metadata" WHERE "ar_internal_metadata"."key" = $1 LIMIT $2[0m  [["key", "schema_sha1"], ["LIMIT", 1]]
  [1m[35m (0.2ms)[0m  [1m[35mBEGIN[0m
  [1m[36mActiveRecord::InternalMetadata Create (0.2ms)[0m  [1m[32mINSERT INTO "ar_internal_metadata" ("key", "value", "created_at", "updated_at") VALUES ($1, $2, $3, $4) RETURNING "key"[0m  [["key", "schema_sha1"], ["value", "ed87431ee730d6f58acf537fc9de1215b2358e1c"], ["created_at", "2020-05-11 19:57:04.064209"], ["updated_at", "2020-05-11 19:57:04.064209"]]
  [1m[35m (0.2ms)[0m  [1m[35mCOMMIT[0m
  [1m[35m (0.5ms)[0m  [1m[34mSELECT "schema_migrations"."version" FROM "schema_migrations" ORDER BY "schema_migrations"."version" ASC[0m
  [1m[35m (1.2ms)[0m  [1m[34mSELECT "schema_migrations"."version" FROM "schema_migrations" ORDER BY "schema_migrations"."version" ASC[0m
  [1m[35m (0.3ms)[0m  [1m[34mSELECT "ar_internal_metadata"."value" FROM "ar_internal_metadata" WHERE "ar_internal_metadata"."key" = $1[0m  [["key", "environment"]]
  [1m[35m (0.2ms)[0m  [1m[34mSELECT "schema_migrations"."version" FROM "schema_migrations" ORDER BY "schema_migrations"."version" ASC[0m
  [1m[35m (0.1ms)[0m  [1m[34mSELECT "ar_internal_metadata"."value" FROM "ar_internal_metadata" WHERE "ar_internal_metadata"."key" = $1[0m  [["key", "environment"]]
  [1m[35m (0.2ms)[0m  [1m[34mSELECT "schema_migrations"."version" FROM "schema_migrations" ORDER BY "schema_migrations"."version" ASC[0m
  [1m[35m (0.1ms)[0m  [1m[34mSELECT "ar_internal_metadata"."value" FROM "ar_internal_metadata" WHERE "ar_internal_metadata"."key" = $1[0m  [["key", "environment"]]
  [1m[35m (47.0ms)[0m  [1m[35mDROP DATABASE IF EXISTS "dreamboat_development"[0m
  [1m[35m (41.2ms)[0m  [1m[35mDROP DATABASE IF EXISTS "dreamboat_test"[0m
  [1m[35m (136.9ms)[0m  [1m[35mCREATE DATABASE "dreamboat_development" ENCODING = 'unicode'[0m
  [1m[35m (63.7ms)[0m  [1m[35mCREATE DATABASE "dreamboat_test" ENCODING = 'unicode'[0m
  [1m[35m (5.8ms)[0m  [1m[35mCREATE TABLE "schema_migrations" ("version" character varying NOT NULL PRIMARY KEY)[0m
  [1m[35m (3.0ms)[0m  [1m[35mCREATE TABLE "ar_internal_metadata" ("key" character varying NOT NULL PRIMARY KEY, "value" character varying, "created_at" timestamp(6) NOT NULL, "updated_at" timestamp(6) NOT NULL)[0m
  [1m[35m (0.5ms)[0m  [1m[34mSELECT pg_try_advisory_lock(1633494492737411010)[0m
  [1m[35m (0.5ms)[0m  [1m[34mSELECT "schema_migrations"."version" FROM "schema_migrations" ORDER BY "schema_migrations"."version" ASC[0m
Migrating to CreateUsers (20200511200443)
  [1m[35m (0.2ms)[0m  [1m[35mBEGIN[0m
  [1m[35m (3.2ms)[0m  [1m[35mCREATE TABLE "users" ("id" bigserial primary key, "username" character varying, "email" character varying, "password_digest" character varying, "dream_scene" character varying, "mantra" character varying, "created_at" timestamp(6) NOT NULL, "updated_at" timestamp(6) NOT NULL)[0m
  [1m[36mprimary::SchemaMigration Create (0.4ms)[0m  [1m[32mINSERT INTO "schema_migrations" ("version") VALUES ($1) RETURNING "version"[0m  [["version", "20200511200443"]]
  [1m[35m (0.9ms)[0m  [1m[35mCOMMIT[0m
Migrating to CreateEncounters (20200511204911)
  [1m[35m (0.3ms)[0m  [1m[35mBEGIN[0m
  [1m[35m (4.8ms)[0m  [1m[35mCREATE TABLE "encounters" ("id" bigserial primary key, "encounter_description" character varying, "user_id" bigint NOT NULL, "created_at" timestamp(6) NOT NULL, "updated_at" timestamp(6) NOT NULL, CONSTRAINT "fk_rails_2f98fb270c"
FOREIGN KEY ("user_id")
  REFERENCES "users" ("id")
)[0m
  [1m[35m (0.8ms)[0m  [1m[35mCREATE  INDEX  "index_encounters_on_user_id" ON "encounters"  ("user_id")[0m
  [1m[36mprimary::SchemaMigration Create (0.2ms)[0m  [1m[32mINSERT INTO "schema_migrations" ("version") VALUES ($1) RETURNING "version"[0m  [["version", "20200511204911"]]
  [1m[35m (0.4ms)[0m  [1m[35mCOMMIT[0m
Migrating to CreateComments (20200511205420)
  [1m[35m (0.2ms)[0m  [1m[35mBEGIN[0m
  [1m[35m (4.8ms)[0m  [1m[35mCREATE TABLE "comments" ("id" bigserial primary key, "encounter_comment" character varying, "user_id" bigint NOT NULL, "encounter_id" bigint NOT NULL, "created_at" timestamp(6) NOT NULL, "updated_at" timestamp(6) NOT NULL, CONSTRAINT "fk_rails_03de2dc08c"
FOREIGN KEY ("user_id")
  REFERENCES "users" ("id")
, CONSTRAINT "fk_rails_2d77a46755"
FOREIGN KEY ("encounter_id")
  REFERENCES "encounters" ("id")
)[0m
  [1m[35m (0.8ms)[0m  [1m[35mCREATE  INDEX  "index_comments_on_user_id" ON "comments"  ("user_id")[0m
  [1m[35m (0.9ms)[0m  [1m[35mCREATE  INDEX  "index_comments_on_encounter_id" ON "comments"  ("encounter_id")[0m
  [1m[36mprimary::SchemaMigration Create (0.2ms)[0m  [1m[32mINSERT INTO "schema_migrations" ("version") VALUES ($1) RETURNING "version"[0m  [["version", "20200511205420"]]
  [1m[35m (0.3ms)[0m  [1m[35mCOMMIT[0m
  [1m[36mActiveRecord::InternalMetadata Load (0.3ms)[0m  [1m[34mSELECT "ar_internal_metadata".* FROM "ar_internal_metadata" WHERE "ar_internal_metadata"."key" = $1 LIMIT $2[0m  [["key", "environment"], ["LIMIT", 1]]
  [1m[35m (0.2ms)[0m  [1m[35mBEGIN[0m
  [1m[36mActiveRecord::InternalMetadata Create (0.7ms)[0m  [1m[32mINSERT INTO "ar_internal_metadata" ("key", "value", "created_at", "updated_at") VALUES ($1, $2, $3, $4) RETURNING "key"[0m  [["key", "environment"], ["value", "development"], ["created_at", "2020-05-11 21:19:08.866736"], ["updated_at", "2020-05-11 21:19:08.866736"]]
  [1m[35m (0.3ms)[0m  [1m[35mCOMMIT[0m
  [1m[35m (0.3ms)[0m  [1m[34mSELECT pg_advisory_unlock(1633494492737411010)[0m
  [1m[35m (0.6ms)[0m  [1m[34mSELECT "schema_migrations"."version" FROM "schema_migrations" ORDER BY "schema_migrations"."version" ASC[0m
  [1m[35m (0.5ms)[0m  [1m[34mSELECT "schema_migrations"."version" FROM "schema_migrations" ORDER BY "schema_migrations"."version" ASC[0m
  [1m[35m (0.1ms)[0m  [1m[35mBEGIN[0m
  [1m[36mUser Exists? (3.5ms)[0m  [1m[34mSELECT 1 AS one FROM "users" WHERE "users"."username" = $1 LIMIT $2[0m  [["username", "Riot_Vibez"], ["LIMIT", 1]]
  [1m[36mUser Exists? (0.3ms)[0m  [1m[34mSELECT 1 AS one FROM "users" WHERE "users"."email" = $1 LIMIT $2[0m  [["email", "riot@email.com"], ["LIMIT", 1]]
  [1m[36mUser Create (1.5ms)[0m  [1m[32mINSERT INTO "users" ("username", "email", "password_digest", "dream_scene", "mantra", "created_at", "updated_at") VALUES ($1, $2, $3, $4, $5, $6, $7) RETURNING "id"[0m  [["username", "Riot_Vibez"], ["email", "riot@email.com"], ["password_digest", "$2a$12$4jqY1bxRlAfYwzzELvdGTOhS6mt3yLNaQkiH/dSy2DoVPEh7bKkVO"], ["dream_scene", "https://images.pexels.com/photos/747964/pexels-photo-747964.jpeg?auto=compress&cs=tinysrgb&dpr=2&h=750&w=1260"], ["mantra", "Expect nothing and appreciate everything"], ["created_at", "2020-05-11 21:47:23.834606"], ["updated_at", "2020-05-11 21:47:23.834606"]]
  [1m[35m (0.4ms)[0m  [1m[35mCOMMIT[0m
  [1m[35m (0.2ms)[0m  [1m[35mBEGIN[0m
  [1m[36mUser Load (0.2ms)[0m  [1m[34mSELECT "users".* FROM "users" WHERE "users"."id" = $1 LIMIT $2[0m  [["id", 1], ["LIMIT", 1]]
  [1m[36mEncounter Create (2.9ms)[0m  [1m[32mINSERT INTO "encounters" ("encounter_description", "user_id", "created_at", "updated_at") VALUES ($1, $2, $3, $4) RETURNING "id"[0m  [["encounter_description", "Anyone up for hiking this weekend?! Hit me up!"], ["user_id", 1], ["created_at", "2020-05-11 21:47:23.873908"], ["updated_at", "2020-05-11 21:47:23.873908"]]
  [1m[35m (0.3ms)[0m  [1m[35mCOMMIT[0m
  [1m[35m (0.1ms)[0m  [1m[35mBEGIN[0m
  [1m[36mUser Load (0.3ms)[0m  [1m[34mSELECT "users".* FROM "users" WHERE "users"."id" = $1 LIMIT $2[0m  [["id", 1], ["LIMIT", 1]]
  [1m[36mEncounter Create (0.5ms)[0m  [1m[32mINSERT INTO "encounters" ("encounter_description", "user_id", "created_at", "updated_at") VALUES ($1, $2, $3, $4) RETURNING "id"[0m  [["encounter_description", "A new ice cream place opened on Kent. Want to meet up over something sweet?"], ["user_id", 1], ["created_at", "2020-05-11 21:47:23.887201"], ["updated_at", "2020-05-11 21:47:23.887201"]]
  [1m[35m (0.3ms)[0m  [1m[35mCOMMIT[0m
  [1m[35m (0.2ms)[0m  [1m[35mBEGIN[0m
  [1m[36mUser Exists? (0.2ms)[0m  [1m[34mSELECT 1 AS one FROM "users" WHERE "users"."username" = $1 LIMIT $2[0m  [["username", "Shimmering_Prism"], ["LIMIT", 1]]
  [1m[36mUser Exists? (0.2ms)[0m  [1m[34mSELECT 1 AS one FROM "users" WHERE "users"."email" = $1 LIMIT $2[0m  [["email", "shimmering@email.com"], ["LIMIT", 1]]
  [1m[36mUser Create (0.2ms)[0m  [1m[32mINSERT INTO "users" ("username", "email", "password_digest", "dream_scene", "mantra", "created_at", "updated_at") VALUES ($1, $2, $3, $4, $5, $6, $7) RETURNING "id"[0m  [["username", "Shimmering_Prism"], ["email", "shimmering@email.com"], ["password_digest", "$2a$12$bW/EiusGr2papjFCBD5/FetiyvdCWaX6wUmx25GJYFYJ.L5RtGiCq"], ["dream_scene", "https://images.pexels.com/photos/479385/pexels-photo-479385.jpeg?auto=compress&cs=tinysrgb&dpr=2&h=750&w=1260"], ["mantra", "The best views come after the hardest climb"], ["created_at", "2020-05-11 21:47:24.110769"], ["updated_at", "2020-05-11 21:47:24.110769"]]
  [1m[35m (0.4ms)[0m  [1m[35mCOMMIT[0m
  [1m[35m (0.1ms)[0m  [1m[35mBEGIN[0m
  [1m[36mUser Load (0.3ms)[0m  [1m[34mSELECT "users".* FROM "users" WHERE "users"."id" = $1 LIMIT $2[0m  [["id", 2], ["LIMIT", 1]]
  [1m[36mEncounter Create (0.3ms)[0m  [1m[32mINSERT INTO "encounters" ("encounter_description", "user_id", "created_at", "updated_at") VALUES ($1, $2, $3, $4) RETURNING "id"[0m  [["encounter_description", "A new show is opening this Thursday in Chelsea. Who wants to go?"], ["user_id", 2], ["created_at", "2020-05-11 21:47:24.123451"], ["updated_at", "2020-05-11 21:47:24.123451"]]
  [1m[35m (0.3ms)[0m  [1m[35mCOMMIT[0m
  [1m[35m (0.2ms)[0m  [1m[35mBEGIN[0m
  [1m[36mUser Load (0.2ms)[0m  [1m[34mSELECT "users".* FROM "users" WHERE "users"."id" = $1 LIMIT $2[0m  [["id", 2], ["LIMIT", 1]]
  [1m[36mEncounter Create (0.3ms)[0m  [1m[32mINSERT INTO "encounters" ("encounter_description", "user_id", "created_at", "updated_at") VALUES ($1, $2, $3, $4) RETURNING "id"[0m  [["encounter_description", "My bestie and I will be ice skating at The Standard tomorrow. A good place to break the ice. Rock and roll with us?"], ["user_id", 2], ["created_at", "2020-05-11 21:47:24.139442"], ["updated_at", "2020-05-11 21:47:24.139442"]]
  [1m[35m (0.4ms)[0m  [1m[35mCOMMIT[0m
  [1m[35m (0.2ms)[0m  [1m[35mBEGIN[0m
  [1m[36mUser Exists? (0.2ms)[0m  [1m[34mSELECT 1 AS one FROM "users" WHERE "users"."username" = $1 LIMIT $2[0m  [["username", "Drunken_Noodles"], ["LIMIT", 1]]
  [1m[36mUser Exists? (0.1ms)[0m  [1m[34mSELECT 1 AS one FROM "users" WHERE "users"."email" = $1 LIMIT $2[0m  [["email", "drunken@email.com"], ["LIMIT", 1]]
  [1m[36mUser Create (0.2ms)[0m  [1m[32mINSERT INTO "users" ("username", "email", "password_digest", "dream_scene", "mantra", "created_at", "updated_at") VALUES ($1, $2, $3, $4, $5, $6, $7) RETURNING "id"[0m  [["username", "Drunken_Noodles"], ["email", "drunken@email.com"], ["password_digest", "$2a$12$OISvGzpiGEYMOi..wHXAbumSSyqauhHStrw0YMAJVheAQdW0fniDK"], ["dream_scene", "https://images.pexels.com/photos/3512846/pexels-photo-3512846.jpeg?auto=compress&cs=tinysrgb&dpr=3&h=750&w=1260"], ["mantra", "First learn the rules, then break them"], ["created_at", "2020-05-11 21:47:24.357916"], ["updated_at", "2020-05-11 21:47:24.357916"]]
  [1m[35m (0.7ms)[0m  [1m[35mCOMMIT[0m
  [1m[35m (0.1ms)[0m  [1m[35mBEGIN[0m
  [1m[36mUser Load (0.1ms)[0m  [1m[34mSELECT "users".* FROM "users" WHERE "users"."id" = $1 LIMIT $2[0m  [["id", 3], ["LIMIT", 1]]
  [1m[36mEncounter Create (0.4ms)[0m  [1m[32mINSERT INTO "encounters" ("encounter_description", "user_id", "created_at", "updated_at") VALUES ($1, $2, $3, $4) RETURNING "id"[0m  [["encounter_description", "Who cares for a jazz concert at Buenote this Thursday?"], ["user_id", 3], ["created_at", "2020-05-11 21:47:24.362235"], ["updated_at", "2020-05-11 21:47:24.362235"]]
  [1m[35m (0.3ms)[0m  [1m[35mCOMMIT[0m
  [1m[35m (0.1ms)[0m  [1m[35mBEGIN[0m
  [1m[36mUser Load (0.2ms)[0m  [1m[34mSELECT "users".* FROM "users" WHERE "users"."id" = $1 LIMIT $2[0m  [["id", 3], ["LIMIT", 1]]
  [1m[36mEncounter Create (0.3ms)[0m  [1m[32mINSERT INTO "encounters" ("encounter_description", "user_id", "created_at", "updated_at") VALUES ($1, $2, $3, $4) RETURNING "id"[0m  [["encounter_description", "Our block party is serving mixers this weekend. All are welcome. Come by and say hi! I will be in the pokemon costume."], ["user_id", 3], ["created_at", "2020-05-11 21:47:24.366856"], ["updated_at", "2020-05-11 21:47:24.366856"]]
  [1m[35m (0.3ms)[0m  [1m[35mCOMMIT[0m
  [1m[35m (0.3ms)[0m  [1m[34mSELECT COUNT(*) FROM "users"[0m
  [1m[35m (0.6ms)[0m  [1m[34mSELECT "schema_migrations"."version" FROM "schema_migrations" ORDER BY "schema_migrations"."version" ASC[0m
  [1m[35m (0.2ms)[0m  [1m[35mBEGIN[0m
  [1m[36mUser Exists? (0.5ms)[0m  [1m[34mSELECT 1 AS one FROM "users" WHERE "users"."username" = $1 LIMIT $2[0m  [["username", "Riot_Vibez"], ["LIMIT", 1]]
  [1m[36mUser Exists? (0.3ms)[0m  [1m[34mSELECT 1 AS one FROM "users" WHERE "users"."email" = $1 LIMIT $2[0m  [["email", "riot@email.com"], ["LIMIT", 1]]
  [1m[35m (0.2ms)[0m  [1m[31mROLLBACK[0m
  [1m[35m (0.2ms)[0m  [1m[35mBEGIN[0m
  [1m[36mUser Load (0.2ms)[0m  [1m[34mSELECT "users".* FROM "users" WHERE "users"."id" = $1 LIMIT $2[0m  [["id", 1], ["LIMIT", 1]]
  [1m[36mEncounter Create (0.7ms)[0m  [1m[32mINSERT INTO "encounters" ("encounter_description", "user_id", "created_at", "updated_at") VALUES ($1, $2, $3, $4) RETURNING "id"[0m  [["encounter_description", "Anyone up for hiking this weekend?! Hit me up!"], ["user_id", 1], ["created_at", "2020-05-11 21:48:30.353893"], ["updated_at", "2020-05-11 21:48:30.353893"]]
  [1m[35m (0.5ms)[0m  [1m[35mCOMMIT[0m
  [1m[35m (0.1ms)[0m  [1m[35mBEGIN[0m
  [1m[36mUser Load (0.3ms)[0m  [1m[34mSELECT "users".* FROM "users" WHERE "users"."id" = $1 LIMIT $2[0m  [["id", 1], ["LIMIT", 1]]
  [1m[36mEncounter Create (0.4ms)[0m  [1m[32mINSERT INTO "encounters" ("encounter_description", "user_id", "created_at", "updated_at") VALUES ($1, $2, $3, $4) RETURNING "id"[0m  [["encounter_description", "A new ice cream place opened on Kent. Want to meet up over something sweet?"], ["user_id", 1], ["created_at", "2020-05-11 21:48:30.365169"], ["updated_at", "2020-05-11 21:48:30.365169"]]
  [1m[35m (0.4ms)[0m  [1m[35mCOMMIT[0m
  [1m[35m (0.2ms)[0m  [1m[35mBEGIN[0m
  [1m[36mUser Exists? (0.3ms)[0m  [1m[34mSELECT 1 AS one FROM "users" WHERE "users"."username" = $1 LIMIT $2[0m  [["username", "Shimmering_Prism"], ["LIMIT", 1]]
  [1m[36mUser Exists? (0.1ms)[0m  [1m[34mSELECT 1 AS one FROM "users" WHERE "users"."email" = $1 LIMIT $2[0m  [["email", "shimmering@email.com"], ["LIMIT", 1]]
  [1m[35m (0.3ms)[0m  [1m[31mROLLBACK[0m
  [1m[35m (0.2ms)[0m  [1m[35mBEGIN[0m
  [1m[36mUser Load (0.2ms)[0m  [1m[34mSELECT "users".* FROM "users" WHERE "users"."id" = $1 LIMIT $2[0m  [["id", 2], ["LIMIT", 1]]
  [1m[36mEncounter Create (0.4ms)[0m  [1m[32mINSERT INTO "encounters" ("encounter_description", "user_id", "created_at", "updated_at") VALUES ($1, $2, $3, $4) RETURNING "id"[0m  [["encounter_description", "A new show is opening this Thursday in Chelsea. Who wants to go?"], ["user_id", 2], ["created_at", "2020-05-11 21:48:30.601636"], ["updated_at", "2020-05-11 21:48:30.601636"]]
  [1m[35m (0.6ms)[0m  [1m[35mCOMMIT[0m
  [1m[35m (0.1ms)[0m  [1m[35mBEGIN[0m
  [1m[36mUser Load (0.4ms)[0m  [1m[34mSELECT "users".* FROM "users" WHERE "users"."id" = $1 LIMIT $2[0m  [["id", 2], ["LIMIT", 1]]
  [1m[36mEncounter Create (0.4ms)[0m  [1m[32mINSERT INTO "encounters" ("encounter_description", "user_id", "created_at", "updated_at") VALUES ($1, $2, $3, $4) RETURNING "id"[0m  [["encounter_description", "My bestie and I will be ice skating at The Standard tomorrow. A good place to break the ice. Rock and roll with us?"], ["user_id", 2], ["created_at", "2020-05-11 21:48:30.620582"], ["updated_at", "2020-05-11 21:48:30.620582"]]
  [1m[35m (0.3ms)[0m  [1m[35mCOMMIT[0m
  [1m[35m (0.1ms)[0m  [1m[35mBEGIN[0m
  [1m[36mUser Exists? (0.3ms)[0m  [1m[34mSELECT 1 AS one FROM "users" WHERE "users"."username" = $1 LIMIT $2[0m  [["username", "Drunken_Noodles"], ["LIMIT", 1]]
  [1m[36mUser Exists? (0.1ms)[0m  [1m[34mSELECT 1 AS one FROM "users" WHERE "users"."email" = $1 LIMIT $2[0m  [["email", "drunken@email.com"], ["LIMIT", 1]]
  [1m[35m (0.1ms)[0m  [1m[31mROLLBACK[0m
  [1m[35m (0.1ms)[0m  [1m[35mBEGIN[0m
  [1m[36mUser Load (0.1ms)[0m  [1m[34mSELECT "users".* FROM "users" WHERE "users"."id" = $1 LIMIT $2[0m  [["id", 3], ["LIMIT", 1]]
  [1m[36mEncounter Create (0.2ms)[0m  [1m[32mINSERT INTO "encounters" ("encounter_description", "user_id", "created_at", "updated_at") VALUES ($1, $2, $3, $4) RETURNING "id"[0m  [["encounter_description", "Who cares for a jazz concert at Buenote this Thursday?"], ["user_id", 3], ["created_at", "2020-05-11 21:48:30.839135"], ["updated_at", "2020-05-11 21:48:30.839135"]]
  [1m[35m (0.3ms)[0m  [1m[35mCOMMIT[0m
  [1m[35m (0.1ms)[0m  [1m[35mBEGIN[0m
  [1m[36mUser Load (0.1ms)[0m  [1m[34mSELECT "users".* FROM "users" WHERE "users"."id" = $1 LIMIT $2[0m  [["id", 3], ["LIMIT", 1]]
  [1m[36mEncounter Create (0.2ms)[0m  [1m[32mINSERT INTO "encounters" ("encounter_description", "user_id", "created_at", "updated_at") VALUES ($1, $2, $3, $4) RETURNING "id"[0m  [["encounter_description", "Our block party is serving mixers this weekend. All are welcome. Come by and say hi! I will be in the pokemon costume."], ["user_id", 3], ["created_at", "2020-05-11 21:48:30.842762"], ["updated_at", "2020-05-11 21:48:30.842762"]]
  [1m[35m (0.3ms)[0m  [1m[35mCOMMIT[0m
  [1m[35m (0.2ms)[0m  [1m[34mSELECT COUNT(*) FROM "users"[0m
  [1m[35m (0.2ms)[0m  [1m[35mBEGIN[0m
  [1m[36mEncounter Load (0.3ms)[0m  [1m[34mSELECT "encounters".* FROM "encounters" WHERE "encounters"."id" = $1 LIMIT $2[0m  [["id", 1], ["LIMIT", 1]]
  [1m[35m (0.2ms)[0m  [1m[31mROLLBACK[0m
  [1m[35m (0.1ms)[0m  [1m[35mBEGIN[0m
  [1m[36mEncounter Load (0.2ms)[0m  [1m[34mSELECT "encounters".* FROM "encounters" WHERE "encounters"."id" = $1 LIMIT $2[0m  [["id", 3], ["LIMIT", 1]]
  [1m[35m (0.2ms)[0m  [1m[31mROLLBACK[0m
  [1m[35m (0.1ms)[0m  [1m[35mBEGIN[0m
  [1m[36mEncounter Load (0.2ms)[0m  [1m[34mSELECT "encounters".* FROM "encounters" WHERE "encounters"."id" = $1 LIMIT $2[0m  [["id", 6], ["LIMIT", 1]]
  [1m[35m (0.1ms)[0m  [1m[31mROLLBACK[0m
  [1m[35m (0.2ms)[0m  [1m[35mBEGIN[0m
  [1m[36mEncounter Load (0.2ms)[0m  [1m[34mSELECT "encounters".* FROM "encounters" WHERE "encounters"."id" = $1 LIMIT $2[0m  [["id", 5], ["LIMIT", 1]]
  [1m[35m (0.1ms)[0m  [1m[31mROLLBACK[0m
  [1m[36mUser Load (0.5ms)[0m  [1m[34mSELECT "users".* FROM "users" LIMIT $1[0m  [["LIMIT", 11]]
  [1m[36mUser Load (0.5ms)[0m  [1m[34mSELECT "users".* FROM "users"[0m
  [1m[36mEncounter Load (1.5ms)[0m  [1m[34mSELECT "encounters".* FROM "encounters"[0m
Started GET "/" for ::1 at 2020-05-11 17:53:19 -0400
  [1m[35m (0.5ms)[0m  [1m[34mSELECT "schema_migrations"."version" FROM "schema_migrations" ORDER BY "schema_migrations"."version" ASC[0m
Processing by Rails::WelcomeController#index as HTML
  Rendering /Users/mouzayanalkhalil/.rbenv/versions/2.6.4/lib/ruby/gems/2.6.0/gems/railties-6.0.3/lib/rails/templates/rails/welcome/index.html.erb
  Rendered /Users/mouzayanalkhalil/.rbenv/versions/2.6.4/lib/ruby/gems/2.6.0/gems/railties-6.0.3/lib/rails/templates/rails/welcome/index.html.erb (Duration: 9.4ms | Allocations: 482)
Completed 200 OK in 25ms (Views: 18.9ms | ActiveRecord: 0.0ms | Allocations: 2713)


Started GET "/comments/3" for ::1 at 2020-05-11 17:56:31 -0400
Processing by CommentsController#show as HTML
  Parameters: {"id"=>"3"}
  [1m[36mComment Load (3.4ms)[0m  [1m[34mSELECT "comments".* FROM "comments" WHERE "comments"."id" = $1 LIMIT $2[0m  [["id", 3], ["LIMIT", 1]]
  ↳ app/controllers/comments_controller.rb:44:in `set_comment'
Completed 404 Not Found in 25ms (ActiveRecord: 7.8ms | Allocations: 2875)


  
ActiveRecord::RecordNotFound (Couldn't find Comment with 'id'=3):
  
app/controllers/comments_controller.rb:44:in `set_comment'
Started GET "/comments/:3" for ::1 at 2020-05-11 17:56:50 -0400
Processing by CommentsController#show as HTML
  Parameters: {"id"=>":3"}
  [1m[36mComment Load (0.3ms)[0m  [1m[34mSELECT "comments".* FROM "comments" WHERE "comments"."id" = $1 LIMIT $2[0m  [["id", nil], ["LIMIT", 1]]
  ↳ app/controllers/comments_controller.rb:44:in `set_comment'
Completed 404 Not Found in 2ms (ActiveRecord: 0.3ms | Allocations: 686)


  
ActiveRecord::RecordNotFound (Couldn't find Comment with 'id'=:3):
  
app/controllers/comments_controller.rb:44:in `set_comment'
Started GET "/users" for ::1 at 2020-05-11 17:58:03 -0400
Processing by UsersController#index as HTML
  [1m[36mUser Load (1.0ms)[0m  [1m[34mSELECT "users".* FROM "users"[0m
  ↳ app/controllers/users_controller.rb:8:in `index'
Completed 200 OK in 19ms (Views: 10.3ms | ActiveRecord: 3.4ms | Allocations: 9088)


Started GET "/users/3" for ::1 at 2020-05-11 17:58:17 -0400
Processing by UsersController#show as HTML
  Parameters: {"id"=>"3"}
  [1m[36mUser Load (0.2ms)[0m  [1m[34mSELECT "users".* FROM "users" WHERE "users"."id" = $1 LIMIT $2[0m  [["id", 3], ["LIMIT", 1]]
  ↳ app/controllers/users_controller.rb:44:in `set_user'
Completed 200 OK in 2ms (Views: 0.3ms | ActiveRecord: 0.2ms | Allocations: 948)


Started GET "/users/3/encounters" for ::1 at 2020-05-11 18:01:29 -0400
  
ActionController::RoutingError (No route matches [GET] "/users/3/encounters"):
  
actionpack (6.0.3) lib/action_dispatch/middleware/debug_exceptions.rb:36:in `call'
actionpack (6.0.3) lib/action_dispatch/middleware/show_exceptions.rb:33:in `call'
railties (6.0.3) lib/rails/rack/logger.rb:37:in `call_app'
railties (6.0.3) lib/rails/rack/logger.rb:26:in `block in call'
activesupport (6.0.3) lib/active_support/tagged_logging.rb:80:in `block in tagged'
activesupport (6.0.3) lib/active_support/tagged_logging.rb:28:in `tagged'
activesupport (6.0.3) lib/active_support/tagged_logging.rb:80:in `tagged'
railties (6.0.3) lib/rails/rack/logger.rb:26:in `call'
actionpack (6.0.3) lib/action_dispatch/middleware/remote_ip.rb:81:in `call'
actionpack (6.0.3) lib/action_dispatch/middleware/request_id.rb:27:in `call'
rack (2.2.2) lib/rack/runtime.rb:22:in `call'
activesupport (6.0.3) lib/active_support/cache/strategy/local_cache_middleware.rb:29:in `call'
actionpack (6.0.3) lib/action_dispatch/middleware/executor.rb:14:in `call'
actionpack (6.0.3) lib/action_dispatch/middleware/static.rb:126:in `call'
rack (2.2.2) lib/rack/sendfile.rb:110:in `call'
actionpack (6.0.3) lib/action_dispatch/middleware/host_authorization.rb:82:in `call'
rack-cors (1.1.1) lib/rack/cors.rb:100:in `call'
railties (6.0.3) lib/rails/engine.rb:527:in `call'
puma (4.3.3) lib/puma/configuration.rb:228:in `call'
puma (4.3.3) lib/puma/server.rb:682:in `handle_request'
puma (4.3.3) lib/puma/server.rb:472:in `process_client'
puma (4.3.3) lib/puma/server.rb:328:in `block in run'
puma (4.3.3) lib/puma/thread_pool.rb:134:in `block in spawn_thread'
Started GET "/users/3/encounters" for ::1 at 2020-05-11 18:03:06 -0400
Processing by EncountersController#index as HTML
  Parameters: {"user_id"=>"3"}
  [1m[36mEncounter Load (0.5ms)[0m  [1m[34mSELECT "encounters".* FROM "encounters"[0m
  ↳ app/controllers/encounters_controller.rb:8:in `index'
Completed 200 OK in 12ms (Views: 6.4ms | ActiveRecord: 3.1ms | Allocations: 6163)


Started GET "/users/3/encounters/2" for ::1 at 2020-05-11 18:03:18 -0400
Processing by EncountersController#show as HTML
  Parameters: {"user_id"=>"3", "id"=>"2"}
  [1m[36mEncounter Load (0.3ms)[0m  [1m[34mSELECT "encounters".* FROM "encounters" WHERE "encounters"."id" = $1 LIMIT $2[0m  [["id", 2], ["LIMIT", 1]]
  ↳ app/controllers/encounters_controller.rb:44:in `set_encounter'
Completed 200 OK in 2ms (Views: 0.3ms | ActiveRecord: 0.3ms | Allocations: 873)


Started GET "/users/3/encounters/2/comments" for ::1 at 2020-05-11 18:03:27 -0400
Processing by CommentsController#index as HTML
  Parameters: {"user_id"=>"3", "encounter_id"=>"2"}
  [1m[36mComment Load (0.5ms)[0m  [1m[34mSELECT "comments".* FROM "comments"[0m
  ↳ app/controllers/comments_controller.rb:8:in `index'
Completed 200 OK in 6ms (Views: 1.7ms | ActiveRecord: 2.1ms | Allocations: 1923)


Started GET "/users/3/encounters/6/comments" for ::1 at 2020-05-11 18:03:43 -0400
Processing by CommentsController#index as HTML
  Parameters: {"user_id"=>"3", "encounter_id"=>"6"}
  [1m[36mComment Load (0.2ms)[0m  [1m[34mSELECT "comments".* FROM "comments"[0m
  ↳ app/controllers/comments_controller.rb:8:in `index'
Completed 200 OK in 1ms (Views: 0.9ms | ActiveRecord: 0.2ms | Allocations: 851)


Started GET "/users/3/encounters/1/comments" for ::1 at 2020-05-11 18:03:59 -0400
Processing by CommentsController#index as HTML
  Parameters: {"user_id"=>"3", "encounter_id"=>"1"}
  [1m[36mComment Load (0.4ms)[0m  [1m[34mSELECT "comments".* FROM "comments"[0m
  ↳ app/controllers/comments_controller.rb:8:in `index'
Completed 200 OK in 2ms (Views: 1.0ms | ActiveRecord: 0.4ms | Allocations: 851)


Started GET "/users/3/encounters/2/comments" for ::1 at 2020-05-11 18:04:10 -0400
Processing by CommentsController#index as HTML
  Parameters: {"user_id"=>"3", "encounter_id"=>"2"}
  [1m[36mComment Load (0.2ms)[0m  [1m[34mSELECT "comments".* FROM "comments"[0m
  ↳ app/controllers/comments_controller.rb:8:in `index'
Completed 200 OK in 1ms (Views: 1.0ms | ActiveRecord: 0.2ms | Allocations: 851)


Started GET "/users/1/encounters/2/comments" for ::1 at 2020-05-11 18:05:35 -0400
Processing by CommentsController#index as HTML
  Parameters: {"user_id"=>"1", "encounter_id"=>"2"}
  [1m[36mComment Load (0.2ms)[0m  [1m[34mSELECT "comments".* FROM "comments"[0m
  ↳ app/controllers/comments_controller.rb:8:in `index'
Completed 200 OK in 1ms (Views: 0.9ms | ActiveRecord: 0.2ms | Allocations: 851)


Started GET "/users/1/encounters/1/comments" for ::1 at 2020-05-11 18:06:59 -0400
Processing by CommentsController#index as HTML
  Parameters: {"user_id"=>"1", "encounter_id"=>"1"}
  [1m[36mComment Load (0.3ms)[0m  [1m[34mSELECT "comments".* FROM "comments"[0m
  ↳ app/controllers/comments_controller.rb:8:in `index'
Completed 200 OK in 1ms (Views: 0.9ms | ActiveRecord: 0.3ms | Allocations: 851)


Started GET "/users/1/encounters/1/comments" for ::1 at 2020-05-11 18:09:43 -0400
Processing by CommentsController#index as HTML
  Parameters: {"user_id"=>"1", "encounter_id"=>"1"}
  [1m[36mComment Load (0.2ms)[0m  [1m[34mSELECT "comments".* FROM "comments"[0m
  ↳ app/controllers/comments_controller.rb:8:in `index'
Completed 200 OK in 1ms (Views: 0.8ms | ActiveRecord: 0.2ms | Allocations: 851)


  [1m[35m (0.5ms)[0m  [1m[34mSELECT "schema_migrations"."version" FROM "schema_migrations" ORDER BY "schema_migrations"."version" ASC[0m
  [1m[35m (0.2ms)[0m  [1m[35mBEGIN[0m
  [1m[36mUser Exists? (0.6ms)[0m  [1m[34mSELECT 1 AS one FROM "users" WHERE "users"."username" = $1 LIMIT $2[0m  [["username", "Riot_Vibez"], ["LIMIT", 1]]
  [1m[36mUser Exists? (0.2ms)[0m  [1m[34mSELECT 1 AS one FROM "users" WHERE "users"."email" = $1 LIMIT $2[0m  [["email", "riot@email.com"], ["LIMIT", 1]]
  [1m[35m (0.3ms)[0m  [1m[31mROLLBACK[0m
  [1m[35m (0.2ms)[0m  [1m[35mBEGIN[0m
  [1m[36mUser Load (0.2ms)[0m  [1m[34mSELECT "users".* FROM "users" WHERE "users"."id" = $1 LIMIT $2[0m  [["id", 1], ["LIMIT", 1]]
  [1m[36mEncounter Create (1.0ms)[0m  [1m[32mINSERT INTO "encounters" ("encounter_description", "user_id", "created_at", "updated_at") VALUES ($1, $2, $3, $4) RETURNING "id"[0m  [["encounter_description", "Anyone up for hiking this weekend?! Hit me up!"], ["user_id", 1], ["created_at", "2020-05-11 22:16:31.217128"], ["updated_at", "2020-05-11 22:16:31.217128"]]
  [1m[35m (0.6ms)[0m  [1m[35mCOMMIT[0m
  [1m[35m (0.2ms)[0m  [1m[35mBEGIN[0m
  [1m[36mUser Load (0.2ms)[0m  [1m[34mSELECT "users".* FROM "users" WHERE "users"."id" = $1 LIMIT $2[0m  [["id", 1], ["LIMIT", 1]]
  [1m[36mEncounter Create (0.5ms)[0m  [1m[32mINSERT INTO "encounters" ("encounter_description", "user_id", "created_at", "updated_at") VALUES ($1, $2, $3, $4) RETURNING "id"[0m  [["encounter_description", "A new ice cream place opened on Kent. Want to meet up over something sweet?"], ["user_id", 1], ["created_at", "2020-05-11 22:16:31.232678"], ["updated_at", "2020-05-11 22:16:31.232678"]]
  [1m[35m (0.4ms)[0m  [1m[35mCOMMIT[0m
  [1m[35m (0.2ms)[0m  [1m[35mBEGIN[0m
  [1m[36mUser Exists? (0.3ms)[0m  [1m[34mSELECT 1 AS one FROM "users" WHERE "users"."username" = $1 LIMIT $2[0m  [["username", "Shimmering_Prism"], ["LIMIT", 1]]
  [1m[36mUser Exists? (0.3ms)[0m  [1m[34mSELECT 1 AS one FROM "users" WHERE "users"."email" = $1 LIMIT $2[0m  [["email", "shimmering@email.com"], ["LIMIT", 1]]
  [1m[35m (0.3ms)[0m  [1m[31mROLLBACK[0m
  [1m[35m (0.2ms)[0m  [1m[35mBEGIN[0m
  [1m[36mUser Load (0.2ms)[0m  [1m[34mSELECT "users".* FROM "users" WHERE "users"."id" = $1 LIMIT $2[0m  [["id", 2], ["LIMIT", 1]]
  [1m[36mEncounter Create (0.3ms)[0m  [1m[32mINSERT INTO "encounters" ("encounter_description", "user_id", "created_at", "updated_at") VALUES ($1, $2, $3, $4) RETURNING "id"[0m  [["encounter_description", "A new show is opening this Thursday in Chelsea. Who wants to go?"], ["user_id", 2], ["created_at", "2020-05-11 22:16:31.514217"], ["updated_at", "2020-05-11 22:16:31.514217"]]
  [1m[35m (0.6ms)[0m  [1m[35mCOMMIT[0m
  [1m[35m (0.2ms)[0m  [1m[35mBEGIN[0m
  [1m[36mUser Load (0.2ms)[0m  [1m[34mSELECT "users".* FROM "users" WHERE "users"."id" = $1 LIMIT $2[0m  [["id", 2], ["LIMIT", 1]]
  [1m[36mEncounter Create (0.3ms)[0m  [1m[32mINSERT INTO "encounters" ("encounter_description", "user_id", "created_at", "updated_at") VALUES ($1, $2, $3, $4) RETURNING "id"[0m  [["encounter_description", "My bestie and I will be ice skating at The Standard tomorrow. A good place to break the ice. Rock and roll with us?"], ["user_id", 2], ["created_at", "2020-05-11 22:16:31.519767"], ["updated_at", "2020-05-11 22:16:31.519767"]]
  [1m[35m (0.3ms)[0m  [1m[35mCOMMIT[0m
  [1m[35m (0.1ms)[0m  [1m[35mBEGIN[0m
  [1m[36mUser Exists? (0.3ms)[0m  [1m[34mSELECT 1 AS one FROM "users" WHERE "users"."username" = $1 LIMIT $2[0m  [["username", "Drunken_Noodles"], ["LIMIT", 1]]
  [1m[36mUser Exists? (0.3ms)[0m  [1m[34mSELECT 1 AS one FROM "users" WHERE "users"."email" = $1 LIMIT $2[0m  [["email", "drunken@email.com"], ["LIMIT", 1]]
  [1m[35m (0.2ms)[0m  [1m[31mROLLBACK[0m
  [1m[35m (0.1ms)[0m  [1m[35mBEGIN[0m
  [1m[36mUser Load (0.2ms)[0m  [1m[34mSELECT "users".* FROM "users" WHERE "users"."id" = $1 LIMIT $2[0m  [["id", 3], ["LIMIT", 1]]
  [1m[36mEncounter Create (0.5ms)[0m  [1m[32mINSERT INTO "encounters" ("encounter_description", "user_id", "created_at", "updated_at") VALUES ($1, $2, $3, $4) RETURNING "id"[0m  [["encounter_description", "Who cares for a jazz concert at Buenote this Thursday?"], ["user_id", 3], ["created_at", "2020-05-11 22:16:31.767906"], ["updated_at", "2020-05-11 22:16:31.767906"]]
  [1m[35m (0.5ms)[0m  [1m[35mCOMMIT[0m
  [1m[35m (0.1ms)[0m  [1m[35mBEGIN[0m
  [1m[36mUser Load (0.2ms)[0m  [1m[34mSELECT "users".* FROM "users" WHERE "users"."id" = $1 LIMIT $2[0m  [["id", 3], ["LIMIT", 1]]
  [1m[36mEncounter Create (0.3ms)[0m  [1m[32mINSERT INTO "encounters" ("encounter_description", "user_id", "created_at", "updated_at") VALUES ($1, $2, $3, $4) RETURNING "id"[0m  [["encounter_description", "Our block party is serving mixers this weekend. All are welcome. Come by and say hi! I will be in the pokemon costume."], ["user_id", 3], ["created_at", "2020-05-11 22:16:31.772968"], ["updated_at", "2020-05-11 22:16:31.772968"]]
  [1m[35m (0.4ms)[0m  [1m[35mCOMMIT[0m
  [1m[35m (0.3ms)[0m  [1m[34mSELECT COUNT(*) FROM "users"[0m
  [1m[35m (0.2ms)[0m  [1m[35mBEGIN[0m
  [1m[36mEncounter Load (0.3ms)[0m  [1m[34mSELECT "encounters".* FROM "encounters" WHERE "encounters"."id" = $1 LIMIT $2[0m  [["id", 1], ["LIMIT", 1]]
  [1m[35m (0.2ms)[0m  [1m[31mROLLBACK[0m
  [1m[35m (0.1ms)[0m  [1m[35mBEGIN[0m
  [1m[36mEncounter Load (0.2ms)[0m  [1m[34mSELECT "encounters".* FROM "encounters" WHERE "encounters"."id" = $1 LIMIT $2[0m  [["id", 2], ["LIMIT", 1]]
  [1m[35m (0.1ms)[0m  [1m[31mROLLBACK[0m
  [1m[35m (0.1ms)[0m  [1m[35mBEGIN[0m
  [1m[36mEncounter Load (0.3ms)[0m  [1m[34mSELECT "encounters".* FROM "encounters" WHERE "encounters"."id" = $1 LIMIT $2[0m  [["id", 3], ["LIMIT", 1]]
  [1m[35m (0.1ms)[0m  [1m[31mROLLBACK[0m
  [1m[35m (0.1ms)[0m  [1m[35mBEGIN[0m
  [1m[36mEncounter Load (0.2ms)[0m  [1m[34mSELECT "encounters".* FROM "encounters" WHERE "encounters"."id" = $1 LIMIT $2[0m  [["id", 4], ["LIMIT", 1]]
  [1m[35m (0.1ms)[0m  [1m[31mROLLBACK[0m
  [1m[35m (0.1ms)[0m  [1m[35mBEGIN[0m
  [1m[36mEncounter Load (0.2ms)[0m  [1m[34mSELECT "encounters".* FROM "encounters" WHERE "encounters"."id" = $1 LIMIT $2[0m  [["id", 5], ["LIMIT", 1]]
  [1m[35m (0.1ms)[0m  [1m[31mROLLBACK[0m
  [1m[35m (0.1ms)[0m  [1m[35mBEGIN[0m
  [1m[36mEncounter Load (0.3ms)[0m  [1m[34mSELECT "encounters".* FROM "encounters" WHERE "encounters"."id" = $1 LIMIT $2[0m  [["id", 6], ["LIMIT", 1]]
  [1m[35m (0.1ms)[0m  [1m[31mROLLBACK[0m
Started GET "/users/1/encounters/1/comments" for ::1 at 2020-05-11 18:16:38 -0400
Processing by CommentsController#index as HTML
  Parameters: {"user_id"=>"1", "encounter_id"=>"1"}
  [1m[36mComment Load (0.7ms)[0m  [1m[34mSELECT "comments".* FROM "comments"[0m
  ↳ app/controllers/comments_controller.rb:8:in `index'
Completed 200 OK in 3ms (Views: 1.6ms | ActiveRecord: 0.7ms | Allocations: 922)


Started GET "/users/1/encounters/1/comments/1" for ::1 at 2020-05-11 18:16:59 -0400
Processing by CommentsController#show as HTML
  Parameters: {"user_id"=>"1", "encounter_id"=>"1", "id"=>"1"}
  [1m[36mComment Load (0.2ms)[0m  [1m[34mSELECT "comments".* FROM "comments" WHERE "comments"."id" = $1 LIMIT $2[0m  [["id", 1], ["LIMIT", 1]]
  ↳ app/controllers/comments_controller.rb:44:in `set_comment'
Completed 404 Not Found in 5ms (ActiveRecord: 3.4ms | Allocations: 829)


  
ActiveRecord::RecordNotFound (Couldn't find Comment with 'id'=1):
  
app/controllers/comments_controller.rb:44:in `set_comment'
Started GET "/users/1/encounters/1/comments" for ::1 at 2020-05-11 18:17:34 -0400
Processing by CommentsController#index as HTML
  Parameters: {"user_id"=>"1", "encounter_id"=>"1"}
  [1m[36mComment Load (0.2ms)[0m  [1m[34mSELECT "comments".* FROM "comments"[0m
  ↳ app/controllers/comments_controller.rb:8:in `index'
Completed 200 OK in 1ms (Views: 0.9ms | ActiveRecord: 0.2ms | Allocations: 851)


  [1m[36mComment Load (0.6ms)[0m  [1m[34mSELECT "comments".* FROM "comments"[0m
  [1m[36mComment Load (0.5ms)[0m  [1m[34mSELECT "comments".* FROM "comments"[0m
  [1m[36mUser Load (0.6ms)[0m  [1m[34mSELECT "users".* FROM "users"[0m
  [1m[36mEncounter Load (0.7ms)[0m  [1m[34mSELECT "encounters".* FROM "encounters"[0m
Started GET "/users/1/encounters" for ::1 at 2020-05-12 11:27:48 -0400
  [1m[35m (1.3ms)[0m  [1m[34mSELECT "schema_migrations"."version" FROM "schema_migrations" ORDER BY "schema_migrations"."version" ASC[0m
Processing by EncountersController#index as HTML
  Parameters: {"user_id"=>"1"}
  [1m[36mEncounter Load (3.7ms)[0m  [1m[34mSELECT "encounters".* FROM "encounters"[0m
  ↳ app/controllers/encounters_controller.rb:9:in `index'
Completed 200 OK in 35ms (Views: 18.6ms | ActiveRecord: 10.2ms | Allocations: 7453)


Started GET "/users/undefined/encounters" for ::1 at 2020-05-12 11:33:28 -0400
Started GET "/users/undefined/encountersundefined/comments" for ::1 at 2020-05-12 11:33:28 -0400
Started GET "/users" for ::1 at 2020-05-12 11:33:28 -0400
Processing by EncountersController#index as HTML
  Parameters: {"user_id"=>"undefined"}
  [1m[36mEncounter Load (0.3ms)[0m  [1m[34mSELECT "encounters".* FROM "encounters"[0m
  ↳ app/controllers/encounters_controller.rb:9:in `index'
Completed 200 OK in 3ms (Views: 2.9ms | ActiveRecord: 0.3ms | Allocations: 2818)


  
ActionController::RoutingError (No route matches [GET] "/users/undefined/encountersundefined/comments"):
  
actionpack (6.0.3) lib/action_dispatch/middleware/debug_exceptions.rb:36:in `call'
actionpack (6.0.3) lib/action_dispatch/middleware/show_exceptions.rb:33:in `call'
railties (6.0.3) lib/rails/rack/logger.rb:37:in `call_app'
railties (6.0.3) lib/rails/rack/logger.rb:26:in `block in call'
activesupport (6.0.3) lib/active_support/tagged_logging.rb:80:in `block in tagged'
activesupport (6.0.3) lib/active_support/tagged_logging.rb:28:in `tagged'
activesupport (6.0.3) lib/active_support/tagged_logging.rb:80:in `tagged'
railties (6.0.3) lib/rails/rack/logger.rb:26:in `call'
actionpack (6.0.3) lib/action_dispatch/middleware/remote_ip.rb:81:in `call'
actionpack (6.0.3) lib/action_dispatch/middleware/request_id.rb:27:in `call'
rack (2.2.2) lib/rack/runtime.rb:22:in `call'
activesupport (6.0.3) lib/active_support/cache/strategy/local_cache_middleware.rb:29:in `call'
actionpack (6.0.3) lib/action_dispatch/middleware/executor.rb:14:in `call'
actionpack (6.0.3) lib/action_dispatch/middleware/static.rb:126:in `call'
rack (2.2.2) lib/rack/sendfile.rb:110:in `call'
actionpack (6.0.3) lib/action_dispatch/middleware/host_authorization.rb:82:in `call'
rack-cors (1.1.1) lib/rack/cors.rb:100:in `call'
railties (6.0.3) lib/rails/engine.rb:527:in `call'
puma (4.3.3) lib/puma/configuration.rb:228:in `call'
puma (4.3.3) lib/puma/server.rb:682:in `handle_request'
puma (4.3.3) lib/puma/server.rb:472:in `process_client'
puma (4.3.3) lib/puma/server.rb:328:in `block in run'
puma (4.3.3) lib/puma/thread_pool.rb:134:in `block in spawn_thread'
Processing by UsersController#index as HTML
  [1m[36mUser Load (1.0ms)[0m  [1m[34mSELECT "users".* FROM "users"[0m
  ↳ app/controllers/users_controller.rb:9:in `index'
Completed 200 OK in 57ms (Views: 23.7ms | ActiveRecord: 9.6ms | Allocations: 10825)


Started POST "/auth/login" for ::1 at 2020-05-12 12:06:56 -0400
Processing by AuthenticationController#login as HTML
  Parameters: {"auth"=>{"username"=>"Admin", "email"=>"admin@email.com", "password"=>"[FILTERED]"}, "authentication"=>{"auth"=>{"username"=>"Admin", "email"=>"admin@email.com", "password"=>"[FILTERED]"}}}
  [1m[36mUser Load (1.1ms)[0m  [1m[34mSELECT "users".* FROM "users" WHERE "users"."username" = $1 LIMIT $2[0m  [["username", "Admin"], ["LIMIT", 1]]
  ↳ app/controllers/authentication_controller.rb:6:in `login'
Completed 500 Internal Server Error in 13ms (ActiveRecord: 1.2ms | Allocations: 1801)


  
NoMethodError (undefined method `authenticate' for nil:NilClass):
  
app/controllers/authentication_controller.rb:7:in `login'
Started POST "/auth/login" for ::1 at 2020-05-12 12:08:58 -0400
Processing by AuthenticationController#login as HTML
  Parameters: {"auth"=>{"username"=>"Admin", "email"=>"admin@email.com", "password"=>"[FILTERED]"}, "authentication"=>{"auth"=>{"username"=>"Admin", "email"=>"admin@email.com", "password"=>"[FILTERED]"}}}
  [1m[36mUser Load (0.3ms)[0m  [1m[34mSELECT "users".* FROM "users" WHERE "users"."username" = $1 LIMIT $2[0m  [["username", "Admin"], ["LIMIT", 1]]
  ↳ app/controllers/authentication_controller.rb:6:in `login'
Completed 500 Internal Server Error in 2ms (ActiveRecord: 0.3ms | Allocations: 1179)


  
NoMethodError (undefined method `authenticate' for nil:NilClass):
  
app/controllers/authentication_controller.rb:7:in `login'
Started POST "/users" for ::1 at 2020-05-12 12:09:37 -0400
Processing by UsersController#create as HTML
  Parameters: {"user"=>{"username"=>"m", "email"=>"m@email.com", "password"=>"[FILTERED]"}}
  [1m[35m (0.2ms)[0m  [1m[35mBEGIN[0m
  ↳ app/controllers/users_controller.rb:21:in `create'
  [1m[36mUser Exists? (0.3ms)[0m  [1m[34mSELECT 1 AS one FROM "users" WHERE "users"."username" = $1 LIMIT $2[0m  [["username", "m"], ["LIMIT", 1]]
  ↳ app/controllers/users_controller.rb:21:in `create'
  [1m[36mUser Exists? (0.2ms)[0m  [1m[34mSELECT 1 AS one FROM "users" WHERE "users"."email" = $1 LIMIT $2[0m  [["email", "m@email.com"], ["LIMIT", 1]]
  ↳ app/controllers/users_controller.rb:21:in `create'
  [1m[36mUser Create (3.1ms)[0m  [1m[32mINSERT INTO "users" ("username", "email", "password_digest", "created_at", "updated_at") VALUES ($1, $2, $3, $4, $5) RETURNING "id"[0m  [["username", "m"], ["email", "m@email.com"], ["password_digest", "$2a$12$Ip7WJKEM6X0ct8wqx2Ui1uhx5WwDUMJ6yZsHAYU/1MZIx/JKX58HS"], ["created_at", "2020-05-12 16:09:37.481885"], ["updated_at", "2020-05-12 16:09:37.481885"]]
  ↳ app/controllers/users_controller.rb:21:in `create'
  [1m[35m (0.4ms)[0m  [1m[35mCOMMIT[0m
  ↳ app/controllers/users_controller.rb:21:in `create'
Completed 201 Created in 277ms (Views: 1.0ms | ActiveRecord: 4.1ms | Allocations: 5489)


  [1m[36mUser Load (0.8ms)[0m  [1m[34mSELECT "users".* FROM "users"[0m
Started GET "/users/1/encounters" for ::1 at 2020-05-12 12:15:20 -0400
Processing by EncountersController#index as HTML
  Parameters: {"user_id"=>"1"}
  [1m[36mEncounter Load (1.6ms)[0m  [1m[34mSELECT "encounters".* FROM "encounters"[0m
  ↳ app/controllers/encounters_controller.rb:9:in `index'
Completed 200 OK in 5ms (Views: 3.2ms | ActiveRecord: 1.6ms | Allocations: 2856)


Started POST "/auth/login" for ::1 at 2020-05-12 12:15:41 -0400
Processing by AuthenticationController#login as HTML
  Parameters: {"auth"=>{"username"=>"m", "email"=>"m@email.com", "password"=>"[FILTERED]"}, "authentication"=>{"auth"=>{"username"=>"m", "email"=>"m@email.com", "password"=>"[FILTERED]"}}}
  [1m[36mUser Load (0.8ms)[0m  [1m[34mSELECT "users".* FROM "users" WHERE "users"."username" = $1 LIMIT $2[0m  [["username", "m"], ["LIMIT", 1]]
  ↳ app/controllers/authentication_controller.rb:6:in `login'
Completed 401 Unauthorized in 257ms (Views: 0.1ms | ActiveRecord: 1.0ms | Allocations: 883)


Started POST "/auth/login" for ::1 at 2020-05-12 12:16:11 -0400
Processing by AuthenticationController#login as HTML
  Parameters: {"auth"=>{"username"=>"m ", "email"=>"m@email.com", "password"=>"[FILTERED]"}, "authentication"=>{"auth"=>{"username"=>"m ", "email"=>"m@email.com", "password"=>"[FILTERED]"}}}
  [1m[36mUser Load (0.3ms)[0m  [1m[34mSELECT "users".* FROM "users" WHERE "users"."username" = $1 LIMIT $2[0m  [["username", "m "], ["LIMIT", 1]]
  ↳ app/controllers/authentication_controller.rb:6:in `login'
Completed 500 Internal Server Error in 3ms (ActiveRecord: 0.3ms | Allocations: 1178)


  
NoMethodError (undefined method `authenticate' for nil:NilClass):
  
app/controllers/authentication_controller.rb:7:in `login'
Started POST "/auth/login" for ::1 at 2020-05-12 12:16:39 -0400
Processing by AuthenticationController#login as HTML
  Parameters: {"auth"=>{"username"=>"Admin", "email"=>"admin@email.com", "password"=>"[FILTERED]"}, "authentication"=>{"auth"=>{"username"=>"Admin", "email"=>"admin@email.com", "password"=>"[FILTERED]"}}}
  [1m[36mUser Load (0.9ms)[0m  [1m[34mSELECT "users".* FROM "users" WHERE "users"."username" = $1 LIMIT $2[0m  [["username", "Admin"], ["LIMIT", 1]]
  ↳ app/controllers/authentication_controller.rb:6:in `login'
Completed 500 Internal Server Error in 5ms (ActiveRecord: 0.9ms | Allocations: 1177)


  
NoMethodError (undefined method `authenticate' for nil:NilClass):
  
app/controllers/authentication_controller.rb:7:in `login'
Started POST "/auth/login" for ::1 at 2020-05-12 12:18:47 -0400
Processing by AuthenticationController#login as HTML
  Parameters: {"auth"=>{"username"=>"Admin", "email"=>"admin@email.com", "password"=>"[FILTERED]"}, "authentication"=>{"auth"=>{"username"=>"Admin", "email"=>"admin@email.com", "password"=>"[FILTERED]"}}}
  [1m[36mUser Load (0.3ms)[0m  [1m[34mSELECT "users".* FROM "users" WHERE "users"."username" = $1 LIMIT $2[0m  [["username", "Admin"], ["LIMIT", 1]]
  ↳ app/controllers/authentication_controller.rb:6:in `login'
Completed 500 Internal Server Error in 3ms (ActiveRecord: 0.3ms | Allocations: 1177)


  
NoMethodError (undefined method `authenticate' for nil:NilClass):
  
app/controllers/authentication_controller.rb:7:in `login'
